Start testing: Sep 25 18:08 EDT
----------------------------------------------------------
1/1 Testing: core_tests
1/1 Test: core_tests
Command: "/Users/nealkotval/tgt-exchange/build/core_tests"
Directory: /Users/nealkotval/tgt-exchange/build
"core_tests" start time: Sep 25 18:08 EDT
Output:
----------------------------------------------------------
All core checks passed
<end of output>
Test time =   0.00 sec
----------------------------------------------------------
Test Passed.
"core_tests" end time: Sep 25 18:08 EDT
"core_tests" time elapsed: 00:00:00
----------------------------------------------------------

End testing: Sep 25 18:08 EDT
